<?xml version="1.0" encoding="utf-8"?><testsuites><testsuite errors="0" failures="0" hostname="gbazo-Aspire" name="pytest" skipped="0" tests="4" time="2.313" timestamp="2020-05-21T09:43:45.762665"><testcase classname="test_submit" file="test_submit.py" line="3" name="test_q1" time="0.060"></testcase><testcase classname="test_submit" file="test_submit.py" line="8" name="test_q2" time="0.035"></testcase><testcase classname="test_submit" file="test_submit.py" line="13" name="test_q3" time="0.064"></testcase><testcase classname="test_submit" file="test_submit.py" line="18" name="test_q4" time="0.402"></testcase></testsuite></testsuites>